<?xml version="1.0" encoding="UTF-8"?>
<!-- Generated by org.testng.reporters.JUnitReportReporter -->
<testsuite hostname="digvijay-HP" failures="0" tests="1" name="com.orange.hrm.qa.pagesTest.EmployeePageTest" time="49.012" errors="0" timestamp="2024-09-14T18:58:58 IST" skipped="0">
  <testcase classname="com.orange.hrm.qa.pagesTest.EmployeePageTest" name="tc_hrm_employees_002" time="49.012"/>
  <system-out/>
</testsuite> <!-- com.orange.hrm.qa.pagesTest.EmployeePageTest -->
