<?xml version="1.0" encoding="UTF-8"?>
<!-- Generated by org.testng.reporters.JUnitReportReporter -->
<testsuite hostname="digvijay-HP" failures="0" tests="1" name="com.orange.hrm.qa.pagesTest.PIMPageTest" time="28.076" errors="0" timestamp="2024-09-14T18:58:58 IST" skipped="0">
  <testcase classname="com.orange.hrm.qa.pagesTest.PIMPageTest" name="tc_hrm_employees_003" time="28.076"/>
  <system-out/>
</testsuite> <!-- com.orange.hrm.qa.pagesTest.PIMPageTest -->
