<?xml version="1.0" encoding="UTF-8"?>
<!-- Generated by org.testng.reporters.JUnitReportReporter -->
<testsuite hostname="digvijay-HP" failures="0" tests="1" name="com.orange.hrm.qa.pagesTest.EmployeePageTest" time="47.694" errors="0" timestamp="2024-09-12T23:45:11 IST" skipped="0">
  <testcase classname="com.orange.hrm.qa.pagesTest.EmployeePageTest" name="tc_hrm_employees_002" time="47.694"/>
  <system-out/>
</testsuite> <!-- com.orange.hrm.qa.pagesTest.EmployeePageTest -->
